<?xml version="1.0" encoding="UTF-8"?>
<testsuite xmlns:xsi="http://www.w3.org/2001/XMLSchema-instance" xsi:noNamespaceSchemaLocation="https://maven.apache.org/surefire/maven-surefire-plugin/xsd/surefire-test-report.xsd" name="com.adapterj.example.springmvc.hello.HelloControllerRevisitedTests" time="2.221" tests="1" errors="0" skipped="0" failures="0">
  <properties>
    <property name="gopherProxySet" value="false"/>
    <property name="awt.toolkit" value="sun.lwawt.macosx.LWCToolkit"/>
    <property name="file.encoding.pkg" value="sun.io"/>
    <property name="java.specification.version" value="1.8"/>
    <property name="sun.cpu.isalist" value=""/>
    <property name="sun.jnu.encoding" value="UTF-8"/>
    <property name="java.class.path" value="/Users/york/Documents/GitHub/adapterj-example-spring/target/test-classes:/Users/york/Documents/GitHub/adapterj-example-spring/target/classes:/Users/york/.m2/repository/org/springframework/spring-context/5.0.4.RELEASE/spring-context-5.0.4.RELEASE.jar:/Users/york/.m2/repository/org/springframework/spring-aop/5.0.4.RELEASE/spring-aop-5.0.4.RELEASE.jar:/Users/york/.m2/repository/org/springframework/spring-beans/5.0.4.RELEASE/spring-beans-5.0.4.RELEASE.jar:/Users/york/.m2/repository/org/springframework/spring-core/5.0.4.RELEASE/spring-core-5.0.4.RELEASE.jar:/Users/york/.m2/repository/org/springframework/spring-jcl/5.0.4.RELEASE/spring-jcl-5.0.4.RELEASE.jar:/Users/york/.m2/repository/org/springframework/spring-expression/5.0.4.RELEASE/spring-expression-5.0.4.RELEASE.jar:/Users/york/.m2/repository/org/springframework/spring-webmvc/5.0.4.RELEASE/spring-webmvc-5.0.4.RELEASE.jar:/Users/york/.m2/repository/org/springframework/spring-web/5.0.4.RELEASE/spring-web-5.0.4.RELEASE.jar:/Users/york/.m2/repository/org/springframework/security/spring-security-web/5.0.0.RELEASE/spring-security-web-5.0.0.RELEASE.jar:/Users/york/.m2/repository/org/springframework/security/spring-security-core/5.0.0.RELEASE/spring-security-core-5.0.0.RELEASE.jar:/Users/york/.m2/repository/org/aspectj/aspectjrt/1.8.1/aspectjrt-1.8.1.jar:/Users/york/.m2/repository/org/apache/logging/log4j/log4j-core/2.13.1/log4j-core-2.13.1.jar:/Users/york/.m2/repository/org/apache/logging/log4j/log4j-api/2.13.1/log4j-api-2.13.1.jar:/Users/york/.m2/repository/org/apache/logging/log4j/log4j-slf4j-impl/2.13.1/log4j-slf4j-impl-2.13.1.jar:/Users/york/.m2/repository/org/slf4j/slf4j-api/1.7.25/slf4j-api-1.7.25.jar:/Users/york/.m2/repository/javax/inject/javax.inject/1/javax.inject-1.jar:/Users/york/.m2/repository/javax/servlet/javax.servlet-api/3.0.1/javax.servlet-api-3.0.1.jar:/Users/york/.m2/repository/javax/servlet/jsp/javax.servlet.jsp-api/2.3.2-b02/javax.servlet.jsp-api-2.3.2-b02.jar:/Users/york/.m2/repository/javax/servlet/jstl/1.2/jstl-1.2.jar:/Users/york/.m2/repository/com/fasterxml/jackson/core/jackson-databind/2.9.3/jackson-databind-2.9.3.jar:/Users/york/.m2/repository/com/fasterxml/jackson/core/jackson-annotations/2.9.0/jackson-annotations-2.9.0.jar:/Users/york/.m2/repository/com/fasterxml/jackson/core/jackson-core/2.9.3/jackson-core-2.9.3.jar:/Users/york/.m2/repository/com/rometools/rome/1.9.0/rome-1.9.0.jar:/Users/york/.m2/repository/com/rometools/rome-utils/1.9.0/rome-utils-1.9.0.jar:/Users/york/.m2/repository/org/jdom/jdom2/2.0.6/jdom2-2.0.6.jar:/Users/york/.m2/repository/javax/validation/validation-api/2.0.1.Final/validation-api-2.0.1.Final.jar:/Users/york/.m2/repository/org/hibernate/validator/hibernate-validator/6.0.7.Final/hibernate-validator-6.0.7.Final.jar:/Users/york/.m2/repository/org/jboss/logging/jboss-logging/3.3.0.Final/jboss-logging-3.3.0.Final.jar:/Users/york/.m2/repository/com/fasterxml/classmate/1.3.1/classmate-1.3.1.jar:/Users/york/.m2/repository/javax/el/javax.el-api/3.0.1-b04/javax.el-api-3.0.1-b04.jar:/Users/york/.m2/repository/org/glassfish/javax.el/3.0.1-b08/javax.el-3.0.1-b08.jar:/Users/york/.m2/repository/joda-time/joda-time/2.9.9/joda-time-2.9.9.jar:/Users/york/.m2/repository/commons-fileupload/commons-fileupload/1.3.3/commons-fileupload-1.3.3.jar:/Users/york/.m2/repository/commons-io/commons-io/2.5/commons-io-2.5.jar:/Users/york/.m2/repository/org/springframework/spring-test/5.0.4.RELEASE/spring-test-5.0.4.RELEASE.jar:/Users/york/.m2/repository/junit/junit/4.12/junit-4.12.jar:/Users/york/.m2/repository/org/hamcrest/hamcrest-core/1.3/hamcrest-core-1.3.jar:/Users/york/.m2/repository/org/xmlunit/xmlunit-matchers/2.5.1/xmlunit-matchers-2.5.1.jar:/Users/york/.m2/repository/org/xmlunit/xmlunit-core/2.5.1/xmlunit-core-2.5.1.jar:/Users/york/.m2/repository/com/jayway/jsonpath/json-path/2.4.0/json-path-2.4.0.jar:/Users/york/.m2/repository/net/minidev/json-smart/2.3/json-smart-2.3.jar:/Users/york/.m2/repository/net/minidev/accessors-smart/1.2/accessors-smart-1.2.jar:/Users/york/.m2/repository/org/ow2/asm/asm/5.0.4/asm-5.0.4.jar:/Users/york/.m2/repository/org/hamcrest/hamcrest-library/1.3/hamcrest-library-1.3.jar:/Users/york/.m2/repository/org/javassist/javassist/3.24.1-GA/javassist-3.24.1-GA.jar:/Users/york/.m2/repository/org/jsoup/jsoup/1.11.3/jsoup-1.11.3.jar:/Users/york/.m2/repository/com/google/code/gson/gson/2.6.2/gson-2.6.2.jar:/Users/york/.m2/repository/com/h2database/h2/1.4.199/h2-1.4.199.jar:/Users/york/.m2/repository/mysql/mysql-connector-java/8.0.15/mysql-connector-java-8.0.15.jar:/Users/york/.m2/repository/com/google/protobuf/protobuf-java/3.6.1/protobuf-java-3.6.1.jar:/Users/york/.m2/repository/com/j256/ormlite/ormlite-core/4.41/ormlite-core-4.41.jar:/Users/york/.m2/repository/com/j256/ormlite/ormlite-jdbc/4.41/ormlite-jdbc-4.41.jar:/Users/york/.m2/repository/com/github/york-deng/adapterj/1.0.1/adapterj-1.0.1.jar:/Users/york/.m2/repository/io/vertx/vertx-core/3.8.1/vertx-core-3.8.1.jar:/Users/york/.m2/repository/io/netty/netty-common/4.1.39.Final/netty-common-4.1.39.Final.jar:/Users/york/.m2/repository/io/netty/netty-buffer/4.1.39.Final/netty-buffer-4.1.39.Final.jar:/Users/york/.m2/repository/io/netty/netty-transport/4.1.39.Final/netty-transport-4.1.39.Final.jar:/Users/york/.m2/repository/io/netty/netty-handler/4.1.39.Final/netty-handler-4.1.39.Final.jar:/Users/york/.m2/repository/io/netty/netty-codec/4.1.39.Final/netty-codec-4.1.39.Final.jar:/Users/york/.m2/repository/io/netty/netty-handler-proxy/4.1.39.Final/netty-handler-proxy-4.1.39.Final.jar:/Users/york/.m2/repository/io/netty/netty-codec-socks/4.1.39.Final/netty-codec-socks-4.1.39.Final.jar:/Users/york/.m2/repository/io/netty/netty-codec-http/4.1.39.Final/netty-codec-http-4.1.39.Final.jar:/Users/york/.m2/repository/io/netty/netty-codec-http2/4.1.39.Final/netty-codec-http2-4.1.39.Final.jar:/Users/york/.m2/repository/io/netty/netty-resolver/4.1.39.Final/netty-resolver-4.1.39.Final.jar:/Users/york/.m2/repository/io/netty/netty-resolver-dns/4.1.39.Final/netty-resolver-dns-4.1.39.Final.jar:/Users/york/.m2/repository/io/netty/netty-codec-dns/4.1.39.Final/netty-codec-dns-4.1.39.Final.jar:/Users/york/.m2/repository/com/esotericsoftware/kryo/5.0.0-RC4/kryo-5.0.0-RC4.jar:/Users/york/.m2/repository/com/esotericsoftware/reflectasm/1.11.8/reflectasm-1.11.8.jar:/Users/york/.m2/repository/org/objenesis/objenesis/3.0.1/objenesis-3.0.1.jar:/Users/york/.m2/repository/com/esotericsoftware/minlog/1.3.1/minlog-1.3.1.jar:"/>
    <property name="java.vm.vendor" value="Oracle Corporation"/>
    <property name="sun.arch.data.model" value="64"/>
    <property name="java.vendor.url" value="http://java.oracle.com/"/>
    <property name="user.timezone" value=""/>
    <property name="user.country.format" value="CN"/>
    <property name="java.vm.specification.version" value="1.8"/>
    <property name="os.name" value="Mac OS X"/>
    <property name="user.country" value="US"/>
    <property name="sun.java.launcher" value="SUN_STANDARD"/>
    <property name="sun.boot.library.path" value="/Library/Java/JavaVirtualMachines/jdk1.8.0_112.jdk/Contents/Home/jre/lib"/>
    <property name="sun.java.command" value="/Users/york/Documents/GitHub/adapterj-example-spring/target/surefire/surefirebooter5076523782469435985.jar /Users/york/Documents/GitHub/adapterj-example-spring/target/surefire 2020-03-29T23-31-25_267-jvmRun1 surefire962785515508625276tmp surefire_08544386436916366419tmp"/>
    <property name="surefire.test.class.path" value="/Users/york/Documents/GitHub/adapterj-example-spring/target/test-classes:/Users/york/Documents/GitHub/adapterj-example-spring/target/classes:/Users/york/.m2/repository/org/springframework/spring-context/5.0.4.RELEASE/spring-context-5.0.4.RELEASE.jar:/Users/york/.m2/repository/org/springframework/spring-aop/5.0.4.RELEASE/spring-aop-5.0.4.RELEASE.jar:/Users/york/.m2/repository/org/springframework/spring-beans/5.0.4.RELEASE/spring-beans-5.0.4.RELEASE.jar:/Users/york/.m2/repository/org/springframework/spring-core/5.0.4.RELEASE/spring-core-5.0.4.RELEASE.jar:/Users/york/.m2/repository/org/springframework/spring-jcl/5.0.4.RELEASE/spring-jcl-5.0.4.RELEASE.jar:/Users/york/.m2/repository/org/springframework/spring-expression/5.0.4.RELEASE/spring-expression-5.0.4.RELEASE.jar:/Users/york/.m2/repository/org/springframework/spring-webmvc/5.0.4.RELEASE/spring-webmvc-5.0.4.RELEASE.jar:/Users/york/.m2/repository/org/springframework/spring-web/5.0.4.RELEASE/spring-web-5.0.4.RELEASE.jar:/Users/york/.m2/repository/org/springframework/security/spring-security-web/5.0.0.RELEASE/spring-security-web-5.0.0.RELEASE.jar:/Users/york/.m2/repository/org/springframework/security/spring-security-core/5.0.0.RELEASE/spring-security-core-5.0.0.RELEASE.jar:/Users/york/.m2/repository/org/aspectj/aspectjrt/1.8.1/aspectjrt-1.8.1.jar:/Users/york/.m2/repository/org/apache/logging/log4j/log4j-core/2.13.1/log4j-core-2.13.1.jar:/Users/york/.m2/repository/org/apache/logging/log4j/log4j-api/2.13.1/log4j-api-2.13.1.jar:/Users/york/.m2/repository/org/apache/logging/log4j/log4j-slf4j-impl/2.13.1/log4j-slf4j-impl-2.13.1.jar:/Users/york/.m2/repository/org/slf4j/slf4j-api/1.7.25/slf4j-api-1.7.25.jar:/Users/york/.m2/repository/javax/inject/javax.inject/1/javax.inject-1.jar:/Users/york/.m2/repository/javax/servlet/javax.servlet-api/3.0.1/javax.servlet-api-3.0.1.jar:/Users/york/.m2/repository/javax/servlet/jsp/javax.servlet.jsp-api/2.3.2-b02/javax.servlet.jsp-api-2.3.2-b02.jar:/Users/york/.m2/repository/javax/servlet/jstl/1.2/jstl-1.2.jar:/Users/york/.m2/repository/com/fasterxml/jackson/core/jackson-databind/2.9.3/jackson-databind-2.9.3.jar:/Users/york/.m2/repository/com/fasterxml/jackson/core/jackson-annotations/2.9.0/jackson-annotations-2.9.0.jar:/Users/york/.m2/repository/com/fasterxml/jackson/core/jackson-core/2.9.3/jackson-core-2.9.3.jar:/Users/york/.m2/repository/com/rometools/rome/1.9.0/rome-1.9.0.jar:/Users/york/.m2/repository/com/rometools/rome-utils/1.9.0/rome-utils-1.9.0.jar:/Users/york/.m2/repository/org/jdom/jdom2/2.0.6/jdom2-2.0.6.jar:/Users/york/.m2/repository/javax/validation/validation-api/2.0.1.Final/validation-api-2.0.1.Final.jar:/Users/york/.m2/repository/org/hibernate/validator/hibernate-validator/6.0.7.Final/hibernate-validator-6.0.7.Final.jar:/Users/york/.m2/repository/org/jboss/logging/jboss-logging/3.3.0.Final/jboss-logging-3.3.0.Final.jar:/Users/york/.m2/repository/com/fasterxml/classmate/1.3.1/classmate-1.3.1.jar:/Users/york/.m2/repository/javax/el/javax.el-api/3.0.1-b04/javax.el-api-3.0.1-b04.jar:/Users/york/.m2/repository/org/glassfish/javax.el/3.0.1-b08/javax.el-3.0.1-b08.jar:/Users/york/.m2/repository/joda-time/joda-time/2.9.9/joda-time-2.9.9.jar:/Users/york/.m2/repository/commons-fileupload/commons-fileupload/1.3.3/commons-fileupload-1.3.3.jar:/Users/york/.m2/repository/commons-io/commons-io/2.5/commons-io-2.5.jar:/Users/york/.m2/repository/org/springframework/spring-test/5.0.4.RELEASE/spring-test-5.0.4.RELEASE.jar:/Users/york/.m2/repository/junit/junit/4.12/junit-4.12.jar:/Users/york/.m2/repository/org/hamcrest/hamcrest-core/1.3/hamcrest-core-1.3.jar:/Users/york/.m2/repository/org/xmlunit/xmlunit-matchers/2.5.1/xmlunit-matchers-2.5.1.jar:/Users/york/.m2/repository/org/xmlunit/xmlunit-core/2.5.1/xmlunit-core-2.5.1.jar:/Users/york/.m2/repository/com/jayway/jsonpath/json-path/2.4.0/json-path-2.4.0.jar:/Users/york/.m2/repository/net/minidev/json-smart/2.3/json-smart-2.3.jar:/Users/york/.m2/repository/net/minidev/accessors-smart/1.2/accessors-smart-1.2.jar:/Users/york/.m2/repository/org/ow2/asm/asm/5.0.4/asm-5.0.4.jar:/Users/york/.m2/repository/org/hamcrest/hamcrest-library/1.3/hamcrest-library-1.3.jar:/Users/york/.m2/repository/org/javassist/javassist/3.24.1-GA/javassist-3.24.1-GA.jar:/Users/york/.m2/repository/org/jsoup/jsoup/1.11.3/jsoup-1.11.3.jar:/Users/york/.m2/repository/com/google/code/gson/gson/2.6.2/gson-2.6.2.jar:/Users/york/.m2/repository/com/h2database/h2/1.4.199/h2-1.4.199.jar:/Users/york/.m2/repository/mysql/mysql-connector-java/8.0.15/mysql-connector-java-8.0.15.jar:/Users/york/.m2/repository/com/google/protobuf/protobuf-java/3.6.1/protobuf-java-3.6.1.jar:/Users/york/.m2/repository/com/j256/ormlite/ormlite-core/4.41/ormlite-core-4.41.jar:/Users/york/.m2/repository/com/j256/ormlite/ormlite-jdbc/4.41/ormlite-jdbc-4.41.jar:/Users/york/.m2/repository/com/github/york-deng/adapterj/1.0.1/adapterj-1.0.1.jar:/Users/york/.m2/repository/io/vertx/vertx-core/3.8.1/vertx-core-3.8.1.jar:/Users/york/.m2/repository/io/netty/netty-common/4.1.39.Final/netty-common-4.1.39.Final.jar:/Users/york/.m2/repository/io/netty/netty-buffer/4.1.39.Final/netty-buffer-4.1.39.Final.jar:/Users/york/.m2/repository/io/netty/netty-transport/4.1.39.Final/netty-transport-4.1.39.Final.jar:/Users/york/.m2/repository/io/netty/netty-handler/4.1.39.Final/netty-handler-4.1.39.Final.jar:/Users/york/.m2/repository/io/netty/netty-codec/4.1.39.Final/netty-codec-4.1.39.Final.jar:/Users/york/.m2/repository/io/netty/netty-handler-proxy/4.1.39.Final/netty-handler-proxy-4.1.39.Final.jar:/Users/york/.m2/repository/io/netty/netty-codec-socks/4.1.39.Final/netty-codec-socks-4.1.39.Final.jar:/Users/york/.m2/repository/io/netty/netty-codec-http/4.1.39.Final/netty-codec-http-4.1.39.Final.jar:/Users/york/.m2/repository/io/netty/netty-codec-http2/4.1.39.Final/netty-codec-http2-4.1.39.Final.jar:/Users/york/.m2/repository/io/netty/netty-resolver/4.1.39.Final/netty-resolver-4.1.39.Final.jar:/Users/york/.m2/repository/io/netty/netty-resolver-dns/4.1.39.Final/netty-resolver-dns-4.1.39.Final.jar:/Users/york/.m2/repository/io/netty/netty-codec-dns/4.1.39.Final/netty-codec-dns-4.1.39.Final.jar:/Users/york/.m2/repository/com/esotericsoftware/kryo/5.0.0-RC4/kryo-5.0.0-RC4.jar:/Users/york/.m2/repository/com/esotericsoftware/reflectasm/1.11.8/reflectasm-1.11.8.jar:/Users/york/.m2/repository/org/objenesis/objenesis/3.0.1/objenesis-3.0.1.jar:/Users/york/.m2/repository/com/esotericsoftware/minlog/1.3.1/minlog-1.3.1.jar:"/>
    <property name="sun.cpu.endian" value="little"/>
    <property name="user.home" value="/Users/york"/>
    <property name="user.language" value="en"/>
    <property name="java.specification.vendor" value="Oracle Corporation"/>
    <property name="java.home" value="/Library/Java/JavaVirtualMachines/jdk1.8.0_112.jdk/Contents/Home/jre"/>
    <property name="basedir" value="/Users/york/Documents/GitHub/adapterj-example-spring"/>
    <property name="file.separator" value="/"/>
    <property name="line.separator" value="&#10;"/>
    <property name="java.vm.specification.vendor" value="Oracle Corporation"/>
    <property name="java.specification.name" value="Java Platform API Specification"/>
    <property name="java.awt.graphicsenv" value="sun.awt.CGraphicsEnvironment"/>
    <property name="surefire.real.class.path" value="/Users/york/Documents/GitHub/adapterj-example-spring/target/surefire/surefirebooter5076523782469435985.jar"/>
    <property name="sun.boot.class.path" value="/Library/Java/JavaVirtualMachines/jdk1.8.0_112.jdk/Contents/Home/jre/lib/resources.jar:/Library/Java/JavaVirtualMachines/jdk1.8.0_112.jdk/Contents/Home/jre/lib/rt.jar:/Library/Java/JavaVirtualMachines/jdk1.8.0_112.jdk/Contents/Home/jre/lib/sunrsasign.jar:/Library/Java/JavaVirtualMachines/jdk1.8.0_112.jdk/Contents/Home/jre/lib/jsse.jar:/Library/Java/JavaVirtualMachines/jdk1.8.0_112.jdk/Contents/Home/jre/lib/jce.jar:/Library/Java/JavaVirtualMachines/jdk1.8.0_112.jdk/Contents/Home/jre/lib/charsets.jar:/Library/Java/JavaVirtualMachines/jdk1.8.0_112.jdk/Contents/Home/jre/lib/jfr.jar:/Library/Java/JavaVirtualMachines/jdk1.8.0_112.jdk/Contents/Home/jre/classes"/>
    <property name="sun.management.compiler" value="HotSpot 64-Bit Tiered Compilers"/>
    <property name="java.runtime.version" value="1.8.0_112-b16"/>
    <property name="user.name" value="york"/>
    <property name="path.separator" value=":"/>
    <property name="os.version" value="10.11.6"/>
    <property name="java.endorsed.dirs" value="/Library/Java/JavaVirtualMachines/jdk1.8.0_112.jdk/Contents/Home/jre/lib/endorsed"/>
    <property name="java.runtime.name" value="Java(TM) SE Runtime Environment"/>
    <property name="file.encoding" value="UTF-8"/>
    <property name="java.vm.name" value="Java HotSpot(TM) 64-Bit Server VM"/>
    <property name="localRepository" value="/Users/york/.m2/repository"/>
    <property name="java.vendor.url.bug" value="http://bugreport.sun.com/bugreport/"/>
    <property name="java.io.tmpdir" value="/var/folders/l8/ycz270nx7wb4vp0kf54vjs7w0000gn/T/"/>
    <property name="java.version" value="1.8.0_112"/>
    <property name="user.dir" value="/Users/york/Documents/GitHub/adapterj-example-spring"/>
    <property name="os.arch" value="x86_64"/>
    <property name="java.vm.specification.name" value="Java Virtual Machine Specification"/>
    <property name="java.awt.printerjob" value="sun.lwawt.macosx.CPrinterJob"/>
    <property name="sun.os.patch.level" value="unknown"/>
    <property name="java.library.path" value="/Users/york/Library/Java/Extensions:/Library/Java/Extensions:/Network/Library/Java/Extensions:/System/Library/Java/Extensions:/usr/lib/java:."/>
    <property name="java.vm.info" value="mixed mode"/>
    <property name="java.vendor" value="Oracle Corporation"/>
    <property name="java.vm.version" value="25.112-b16"/>
    <property name="java.ext.dirs" value="/Users/york/Library/Java/Extensions:/Library/Java/JavaVirtualMachines/jdk1.8.0_112.jdk/Contents/Home/jre/lib/ext:/Library/Java/Extensions:/Network/Library/Java/Extensions:/System/Library/Java/Extensions:/usr/lib/java"/>
    <property name="sun.io.unicode.encoding" value="UnicodeBig"/>
    <property name="java.class.version" value="52.0"/>
  </properties>
  <testcase name="hello" classname="com.adapterj.example.springmvc.hello.HelloControllerRevisitedTests" time="2.137"/>
</testsuite>